<?xml version="1.0" encoding="UTF-8"?>
<!-- Generated by org.testng.reporters.JUnitXMLReporter -->
<testsuite hostname="INNODBFKNLQ2-U" name="Test" tests="1" failures="1" timestamp="31 Jan 2020 10:20:21 GMT" time="20.498" errors="0">
  <testcase name="SavedSearcher" time="20.492" classname="TestCases.TestCases">
    <failure type="java.lang.NullPointerException">
      <![CDATA[java.lang.NullPointerException
	at utilities.Common.writeToLogFile(Common.java:101)
	at utilities.Common.fail(Common.java:117)
	at Pages.Page.clickOn(Page.java:188)
	at Pages.LoginPage.clickOnSalesNavigator(LoginPage.java:57)
	at TestCases.TestCases.SavedSearcher(TestCases.java:22)
	at LaunchScript.LaunchScript.main(LaunchScript.java:19)
... Removed 21 stack frames]]>
    </failure>
  </testcase> <!-- SavedSearcher -->
</testsuite> <!-- Test -->
